Device configuration: cpu
Memory configuration: host-std
libCEED backend: /cpu/self/xsmm/blocked
Filters: [currentdipole] [sphere] [Serial]
Randomness seeded to: 3060641542

Running current dipole test with 1 MPI ranks

Mesh Characteristics:
Dimension          : 3
Space dimension    : 3
Number of vertices : 30719
Number of edges    : 208671
Number of faces    : 349491  --  349491 Triangle(s)
Number of elements : 171538  --  171538 Tetrahedron(s)
Number of bdr elem : 12830  --  12830 Triangle(s)
Euler Number       : 1
h_min              : 0.11721
h_max              : 0.50873
kappa_min          : 1.02227
kappa_max          : 11.3839


Characteristic length and time scales:
 Lc = 1.000e+00 m, tc = 3.336e+00 ns

Configuring electrical current dipole source terms:
 Dipole 1: 
 	Moment = 1.000e+00 A·m
 	Center = (0.000e+00, 0.000e+00, 0.000e+00)
 	Direction = (1.000e+00, 0.000e+00, 0.000e+00)

Configuring Robin absorbing BC (order 2) at attributes:
 1

Assembling system matrices, number of global unknowns:
 H1 (p = 2): 239390, ND (p = 2): 1116324, RT (p = 2): 1563087
 Operator assembly level: Partial
 Mesh geometries:
  Tetrahedron: P = 20, Q = 11 (quadrature order = 4)

Assembling multigrid hierarchy:
 Level 0 (p = 2): 1116324 unknowns
 Level 0 (auxiliary) (p = 2): 239390 unknowns
GMRES solver converged in 496 iterations (avg. reduction factor: 9.546e-01)

Element marking for error computation:
  Domain bounding box: [-5.99986, 6] x [-5.99989, 5.9997] x [-6, 6]
  Domain size: 11.9999 x 11.9996 x 12
  Max distance from origin (sphere radius): 6
  Inner exclusion fraction: 0.1 -> radius: 0.6
  Outer exclusion fraction: 0.95 -> radius: 5.7
  Elements included in error computation: 142825
  Elements excluded (too close to center): 1072
  Elements excluded (too close to boundary): 27641
  Total elements: 171538

=== Integration Rule Info ===
  Polynomial order: 3
  Quadrature order: 5
  Using same integration rules for error and norm computation

=== ParaView files written to: ParaView/CurrentDipoleComparison/ ===

Testing frequency: 2e+08 

Mesh scaling factor (Lc/L0): 1
Test points scaled by: 1
=== Analytical Field Debug at Key Points ===
Origin (scaled) r=0m: r_nondim=0m:
  PALACE FEM SOLUTION:
    Palace |E|: 6056.32
    Palace Ex: (-18.4944,4505.63)
    Palace Ey: (0.217531,821.666)
    Palace Ez: (-0.01374,-3962.68)
  ANALYTICAL SOLUTION:
    Analytical |E|: 0
    Analytical Ex: (0,0)
    Analytical Ey: (0,0)
    Analytical Ez: (0,0)
+0.02 origin on x-axis (scaled) r=0.02m: r_nondim=0.02m:
  PALACE FEM SOLUTION:
    Palace |E|: 369.944
    Palace Ex: (-18.243,243.165)
    Palace Ey: (0.14724,-242.816)
    Palace Ez: (-0.0242381,135.781)
  ANALYTICAL SOLUTION:
    Analytical |E|: 92443.6
    Analytical Ex: (-18.0795,-92443.6)
    Analytical Ey: (0,-0)
    Analytical Ez: (0,-0)
  COMPARISON:
    |E| ratio (Palace/Analytical): 0.00400183
-0.1 from origin on x-axis (scaled) r=0.1m: r_nondim=0.1m:
  PALACE FEM SOLUTION:
    Palace |E|: 260.19
    Palace Ex: (-17.8048,-36.2959)
    Palace Ey: (0.0694693,249.43)
    Palace Ez: (-0.0214907,62.0393)
  ANALYTICAL SOLUTION:
    Analytical |E|: 799.089
    Analytical Ex: (-17.7763,-798.891)
    Analytical Ey: (0,0)
    Analytical Ez: (0,0)
  COMPARISON:
    |E| ratio (Palace/Analytical): 0.325608
{-.2, .3, .4} from origin (scaled) r=0.538516m: r_nondim=0.538516m:
  PALACE FEM SOLUTION:
    Palace |E|: 11.0508
    Palace Ex: (-4.94512,8.44349)
    Palace Ey: (1.17766,2.95139)
    Palace Ez: (1.76221,3.62919)
  ANALYTICAL SOLUTION:
    Analytical |E|: 11.1208
    Analytical Ex: (-4.96767,8.10742)
    Analytical Ey: (1.30416,3.20532)
    Analytical Ez: (1.73888,4.27376)
  COMPARISON:
    |E| ratio (Palace/Analytical): 0.99371
0.2 field on y-axis (scaled) r=0.2m: r_nondim=0.2m:
  PALACE FEM SOLUTION:
    Palace |E|: 19.1621
    Palace Ex: (-15.6634,10.8727)
    Palace Ey: (0.129742,-0.315228)
    Palace Ez: (-0.02697,1.8735)
  ANALYTICAL SOLUTION:
    Analytical |E|: 40.9686
    Analytical Ex: (-15.6433,37.8644)
    Analytical Ey: (0,-0)
    Analytical Ez: (0,-0)
  COMPARISON:
    |E| ratio (Palace/Analytical): 0.467726
-0.3 field on z-axis (scaled) r=0.3m: r_nondim=0.3m:
  PALACE FEM SOLUTION:
    Palace |E|: 24.463
    Palace Ex: (-12.8662,20.7182)
    Palace Ey: (0.104199,-1.27268)
    Palace Ez: (-0.0183538,1.42199)
  ANALYTICAL SOLUTION:
    Analytical |E|: 18.9069
    Analytical Ex: (-12.8365,13.8814)
    Analytical Ey: (0,-0)
    Analytical Ez: (0,0)
  COMPARISON:
    |E| ratio (Palace/Analytical): 1.29387
0.4 field on x-axis (scaled) r=0.4m: r_nondim=0.4m:
  PALACE FEM SOLUTION:
    Palace |E|: 27.182
    Palace Ex: (-13.6221,-23.4108)
    Palace Ey: (0.197591,-1.17957)
    Palace Ez: (0.101676,1.94734)
  ANALYTICAL SOLUTION:
    Analytical |E|: 22.4802
    Analytical Ex: (-13.491,-17.982)
    Analytical Ey: (-0,0)
    Analytical Ez: (-0,0)
  COMPARISON:
    |E| ratio (Palace/Analytical): 1.20915
+0.45 on y-axis (scaled) r=0.45m: r_nondim=0.45m:
  PALACE FEM SOLUTION:
    Palace |E|: 12.2388
    Palace Ex: (-7.38601,9.75338)
    Palace Ey: (0.0509309,-0.320951)
    Palace Ez: (-0.00608797,-0.0205912)
  ANALYTICAL SOLUTION:
    Analytical |E|: 12.8519
    Analytical Ex: (-7.46678,10.4603)
    Analytical Ey: (0,-0)
    Analytical Ez: (0,-0)
  COMPARISON:
    |E| ratio (Palace/Analytical): 0.952297
+0.47 on z-axis (scaled) r=0.47m: r_nondim=0.47m:
  PALACE FEM SOLUTION:
    Palace |E|: 12.5382
    Palace Ex: (-6.76102,10.547)
    Palace Ey: (0.0562183,-0.107627)
    Palace Ez: (0.0522244,0.487713)
  ANALYTICAL SOLUTION:
    Analytical |E|: 12.388
    Analytical Ex: (-6.70324,10.4177)
    Analytical Ey: (0,-0)
    Analytical Ez: (0,-0)
  COMPARISON:
    |E| ratio (Palace/Analytical): 1.01213
+0.495 from origin on x-axis (scaled) r=0.495m: r_nondim=0.495m:
  PALACE FEM SOLUTION:
    Palace |E|: 15.3799
    Palace Ex: (-11.5742,-10.0546)
    Palace Ey: (0.172676,-0.832984)
    Palace Ez: (-0.0187083,-0.870819)
  ANALYTICAL SOLUTION:
    Analytical |E|: 13.9952
    Analytical Ex: (-11.4099,-8.10434)
    Analytical Ey: (0,-0)
    Analytical Ez: (0,-0)
  COMPARISON:
    |E| ratio (Palace/Analytical): 1.09894
-0.5 from origin on z-axis (scaled) r=0.5m: r_nondim=0.5m:
  PALACE FEM SOLUTION:
    Palace |E|: 12.2092
    Palace Ex: (-5.59387,10.8249)
    Palace Ey: (0.0217495,0.248551)
    Palace Ez: (0.0263481,-0.729334)
  ANALYTICAL SOLUTION:
    Analytical |E|: 11.7553
    Analytical Ex: (-5.55681,10.359)
    Analytical Ey: (0,-0)
    Analytical Ez: (0,0)
  COMPARISON:
    |E| ratio (Palace/Analytical): 1.03862
============================================


=== L2 ERROR ANALYSIS ===Polynomial order 2


--- E-FIELD: Selective Elements (0.2-0.8 domain) ---
Absolute L2 Errors:
  Real part error: || E_h_Re - E_Re ||_L2 = 1.66202
  Imag part error: || E_h_Im - E_Im ||_L2 = 1.87968
  Total error:     || E_h - E ||_L2 = 2.50908
Exact Solution Norms:
  Real part norm: || E_Re ||_L2 = 30.1776
  Imag part norm: || E_Im ||_L2 = 30.0584
  Total norm:     || E ||_L2 = 42.5933
Relative L2 Errors:
  Real part: || E_h_Re - E_Re || / ||E_Re|| = 0.0550747
  Imag part: || E_h_Im - E_Im || / ||E_Im|| = 0.0625342
  Total:     || E_h - E || / ||E|| = 0.0589079

--- E-FIELD: Full Domain (for comparison) ---
Absolute L2 Errors:
  Real part error: || E_h_Re - E_Re ||_L2 = 1.73385
  Imag part error: || E_h_Im - E_Im ||_L2 = 297.75
  Total error:     || E_h - E ||_L2 = 297.755
Exact Solution Norms:
  Real part norm: || E_Re ||_L2 = 32.395
  Imag part norm: || E_Im ||_L2 = 265.308
  Total norm:     || E ||_L2 = 267.279
Relative L2 Errors:
  Real part: || E_h_Re - E_Re || / ||E_Re|| = 0.0535223
  Imag part: || E_h_Im - E_Im || / ||E_Im|| = 1.12228
  Total:     || E_h - E || / ||E|| = 1.11402

--- E-FIELD: Error Comparison ---
Selective vs Full Domain Error Ratios:
  Selective/Full Error Ratio: 0.00842667
  Selective/Full Relative Error Ratio: 0.0528785

--- B-FIELD: Selective Elements (0.2-0.8 domain) ---
Absolute L2 Errors:
  Real part error: || B_h_Re - B_Re ||_L2 = 2.01248
  Imag part error: || B_h_Im - B_Im ||_L2 = 1.88004
  Total error:     || B_h - B ||_L2 = 2.75402
Exact Solution Norms:
  Real part norm: || B_Re ||_L2 = 29.9407
  Imag part norm: || B_Im ||_L2 = 30.209
  Total norm:     || B ||_L2 = 42.5327
Relative L2 Errors:
  Real part: || B_h_Re - B_Re || / ||B_Re|| = 0.0672154
  Imag part: || B_h_Im - B_Im || / ||B_Im|| = 0.0622344
  Total:     || B_h - B || / ||B|| = 0.0647506

--- B-FIELD: Full Domain (for comparison) ---
Absolute L2 Errors:
  Real part error: || B_h_Re - B_Re ||_L2 = 42.0084
  Imag part error: || B_h_Im - B_Im ||_L2 = 2.0092
  Total error:     || B_h - B ||_L2 = 42.0564
Exact Solution Norms:
  Real part norm: || B_Re ||_L2 = 43.3772
  Imag part norm: || B_Im ||_L2 = 32.4687
  Total norm:     || B ||_L2 = 54.183
Relative L2 Errors:
  Real part: || B_h_Re - B_Re || / ||B_Re|| = 0.968444
  Imag part: || B_h_Im - B_Im || / ||B_Im|| = 0.0618813
  Total:     || B_h - B || / ||B|| = 0.776192

--- B-FIELD: Error Comparison ---
Selective vs Full Domain Error Ratios:
  Selective/Full Error Ratio: 0.0654839
  Selective/Full Relative Error Ratio: 0.0834208

===============================================================================
All tests passed (3 assertions in 1 test case)

