Device configuration: cpu
Memory configuration: host-std
libCEED backend: /cpu/self/xsmm/blocked
Filters: [currentdipole] [sphere] [Serial]
Randomness seeded to: 487844908

Running current dipole test with 1 MPI ranks

Mesh Characteristics:
Dimension          : 3
Space dimension    : 3
Number of vertices : 30719
Number of edges    : 208671
Number of faces    : 349491  --  349491 Triangle(s)
Number of elements : 171538  --  171538 Tetrahedron(s)
Number of bdr elem : 12830  --  12830 Triangle(s)
Euler Number       : 1
h_min              : 0.11721
h_max              : 0.50873
kappa_min          : 1.02227
kappa_max          : 11.3839


Characteristic length and time scales:
 Lc = 1.000e+00 m, tc = 3.336e+00 ns

Configuring electrical current dipole source terms:
 Dipole 1: 
 	Moment = 1.000e+00 A·m
 	Center = (0.000e+00, 0.000e+00, 0.000e+00)
 	Direction = (1.000e+00, 0.000e+00, 0.000e+00)

Configuring Robin absorbing BC (order 2) at attributes:
 1

Assembling system matrices, number of global unknowns:
 H1 (p = 3): 797552, ND (p = 3): 3237573, RT (p = 3): 4155402
 Operator assembly level: Partial
 Mesh geometries:
  Tetrahedron: P = 45, Q = 24 (quadrature order = 6)

Assembling multigrid hierarchy:
 Level 0 (p = 3): 3237573 unknowns
 Level 0 (auxiliary) (p = 3): 797552 unknowns
GMRES solver converged in 567 iterations (avg. reduction factor: 9.602e-01)

Element marking for error computation:
  Domain bounding box: [-5.99986, 6] x [-5.99989, 5.9997] x [-6, 6]
  Domain size: 11.9999 x 11.9996 x 12
  Max distance from origin (sphere radius): 6
  Inner exclusion fraction: 0.1 -> radius: 0.6
  Outer exclusion fraction: 0.95 -> radius: 5.7
  Elements included in error computation: 142825
  Elements excluded (too close to center): 1072
  Elements excluded (too close to boundary): 27641
  Total elements: 171538

=== Integration Rule Info ===
  Polynomial order: 3
  Quadrature order: 5
  Using same integration rules for error and norm computation

=== ParaView files written to: ParaView/CurrentDipoleComparison/ ===

Testing frequency: 2e+08 

Mesh scaling factor (Lc/L0): 1
Test points scaled by: 1
=== Analytical Field Debug at Key Points ===
Origin (scaled) r=0m: r_nondim=0m:
  PALACE FEM SOLUTION:
    Palace |E|: 41347.3
    Palace Ex: (-18.0749,31091.7)
    Palace Ey: (0.0116374,4934.96)
    Palace Ez: (0.000294059,-26805.8)
  ANALYTICAL SOLUTION:
    Analytical |E|: 0
    Analytical Ex: (0,0)
    Analytical Ey: (0,0)
    Analytical Ez: (0,0)
+0.02 origin on x-axis (scaled) r=0.02m: r_nondim=0.02m:
  PALACE FEM SOLUTION:
    Palace |E|: 2351.39
    Palace Ex: (-18.0584,1574.55)
    Palace Ey: (0.00758487,-1582.37)
    Palace Ez: (0.00103045,738.66)
  ANALYTICAL SOLUTION:
    Analytical |E|: 92443.6
    Analytical Ex: (-18.0795,-92443.6)
    Analytical Ey: (0,-0)
    Analytical Ez: (0,-0)
  COMPARISON:
    |E| ratio (Palace/Analytical): 0.025436
-0.1 from origin on x-axis (scaled) r=0.1m: r_nondim=0.1m:
  PALACE FEM SOLUTION:
    Palace |E|: 1127.24
    Palace Ex: (-17.7538,-391.565)
    Palace Ey: (0.0165247,982.47)
    Palace Ez: (0.00235636,389.584)
  ANALYTICAL SOLUTION:
    Analytical |E|: 799.089
    Analytical Ex: (-17.7763,-798.891)
    Analytical Ey: (0,0)
    Analytical Ez: (0,0)
  COMPARISON:
    |E| ratio (Palace/Analytical): 1.41065
{-.2, .3, .4} from origin (scaled) r=0.538516m: r_nondim=0.538516m:
  PALACE FEM SOLUTION:
    Palace |E|: 11.1183
    Palace Ex: (-4.97852,8.06848)
    Palace Ey: (1.31797,3.28656)
    Palace Ez: (1.74561,4.25964)
  ANALYTICAL SOLUTION:
    Analytical |E|: 11.1208
    Analytical Ex: (-4.96767,8.10742)
    Analytical Ey: (1.30416,3.20532)
    Analytical Ez: (1.73888,4.27376)
  COMPARISON:
    |E| ratio (Palace/Analytical): 0.999776
0.2 field on y-axis (scaled) r=0.2m: r_nondim=0.2m:
  PALACE FEM SOLUTION:
    Palace |E|: 30.9731
    Palace Ex: (-15.6397,26.7136)
    Palace Ey: (0.0152689,0.0521282)
    Palace Ez: (0.00269494,1.05419)
  ANALYTICAL SOLUTION:
    Analytical |E|: 40.9686
    Analytical Ex: (-15.6433,37.8644)
    Analytical Ey: (0,-0)
    Analytical Ez: (0,-0)
  COMPARISON:
    |E| ratio (Palace/Analytical): 0.75602
-0.3 field on z-axis (scaled) r=0.3m: r_nondim=0.3m:
  PALACE FEM SOLUTION:
    Palace |E|: 19.4681
    Palace Ex: (-12.8185,13.9984)
    Palace Ey: (0.00433589,-3.15979)
    Palace Ez: (0.00477864,2.95823)
  ANALYTICAL SOLUTION:
    Analytical |E|: 18.9069
    Analytical Ex: (-12.8365,13.8814)
    Analytical Ey: (0,-0)
    Analytical Ez: (0,0)
  COMPARISON:
    |E| ratio (Palace/Analytical): 1.02968
0.4 field on x-axis (scaled) r=0.4m: r_nondim=0.4m:
  PALACE FEM SOLUTION:
    Palace |E|: 24.2909
    Palace Ex: (-13.4851,-20.1729)
    Palace Ey: (-0.0189465,-1.11908)
    Palace Ez: (-0.000357392,0.0435793)
  ANALYTICAL SOLUTION:
    Analytical |E|: 22.4802
    Analytical Ex: (-13.491,-17.982)
    Analytical Ey: (-0,0)
    Analytical Ez: (-0,0)
  COMPARISON:
    |E| ratio (Palace/Analytical): 1.08055
+0.45 on y-axis (scaled) r=0.45m: r_nondim=0.45m:
  PALACE FEM SOLUTION:
    Palace |E|: 12.5291
    Palace Ex: (-7.47501,10.0548)
    Palace Ey: (0.0160214,-0.0436366)
    Palace Ez: (0.00306256,0.0347911)
  ANALYTICAL SOLUTION:
    Analytical |E|: 12.8519
    Analytical Ex: (-7.46678,10.4603)
    Analytical Ey: (0,-0)
    Analytical Ez: (0,-0)
  COMPARISON:
    |E| ratio (Palace/Analytical): 0.974884
+0.47 on z-axis (scaled) r=0.47m: r_nondim=0.47m:
  PALACE FEM SOLUTION:
    Palace |E|: 12.5762
    Palace Ex: (-6.69757,10.643)
    Palace Ey: (0.00763856,0.0456391)
    Palace Ez: (-0.00518063,0.170345)
  ANALYTICAL SOLUTION:
    Analytical |E|: 12.388
    Analytical Ex: (-6.70324,10.4177)
    Analytical Ey: (0,-0)
    Analytical Ez: (0,-0)
  COMPARISON:
    |E| ratio (Palace/Analytical): 1.0152
+0.495 from origin on x-axis (scaled) r=0.495m: r_nondim=0.495m:
  PALACE FEM SOLUTION:
    Palace |E|: 14.2882
    Palace Ex: (-11.4055,-8.60594)
    Palace Ey: (-0.0204777,0.0611334)
    Palace Ez: (-0.00126553,0.0207514)
  ANALYTICAL SOLUTION:
    Analytical |E|: 13.9952
    Analytical Ex: (-11.4099,-8.10434)
    Analytical Ey: (0,-0)
    Analytical Ez: (0,-0)
  COMPARISON:
    |E| ratio (Palace/Analytical): 1.02093
-0.5 from origin on z-axis (scaled) r=0.5m: r_nondim=0.5m:
  PALACE FEM SOLUTION:
    Palace |E|: 11.7688
    Palace Ex: (-5.54802,10.3781)
    Palace Ey: (9.23065e-05,-0.0494207)
    Palace Ez: (0.00718204,0.121543)
  ANALYTICAL SOLUTION:
    Analytical |E|: 11.7553
    Analytical Ex: (-5.55681,10.359)
    Analytical Ey: (0,-0)
    Analytical Ez: (0,0)
  COMPARISON:
    |E| ratio (Palace/Analytical): 1.00115
============================================


=== L2 ERROR ANALYSIS ===Polynomial order 3


--- E-FIELD: Selective Elements (0.2-0.8 domain) ---
Absolute L2 Errors:
  Real part error: || E_h_Re - E_Re ||_L2 = 0.162433
  Imag part error: || E_h_Im - E_Im ||_L2 = 0.211132
  Total error:     || E_h - E ||_L2 = 0.266385
Exact Solution Norms:
  Real part norm: || E_Re ||_L2 = 30.1776
  Imag part norm: || E_Im ||_L2 = 30.0584
  Total norm:     || E ||_L2 = 42.5933
Relative L2 Errors:
  Real part: || E_h_Re - E_Re || / ||E_Re|| = 0.00538255
  Imag part: || E_h_Im - E_Im || / ||E_Im|| = 0.00702408
  Total:     || E_h - E || / ||E|| = 0.00625416

--- E-FIELD: Full Domain (for comparison) ---
Absolute L2 Errors:
  Real part error: || E_h_Re - E_Re ||_L2 = 0.175227
  Imag part error: || E_h_Im - E_Im ||_L2 = 446.997
  Total error:     || E_h - E ||_L2 = 446.997
Exact Solution Norms:
  Real part norm: || E_Re ||_L2 = 32.395
  Imag part norm: || E_Im ||_L2 = 265.308
  Total norm:     || E ||_L2 = 267.279
Relative L2 Errors:
  Real part: || E_h_Re - E_Re || / ||E_Re|| = 0.0054091
  Imag part: || E_h_Im - E_Im || / ||E_Im|| = 1.68482
  Total:     || E_h - E || / ||E|| = 1.6724

--- E-FIELD: Error Comparison ---
Selective vs Full Domain Error Ratios:
  Selective/Full Error Ratio: 0.000595945
  Selective/Full Relative Error Ratio: 0.00373963

--- B-FIELD: Selective Elements (0.2-0.8 domain) ---
Absolute L2 Errors:
  Real part error: || B_h_Re - B_Re ||_L2 = 0.186046
  Imag part error: || B_h_Im - B_Im ||_L2 = 0.182174
  Total error:     || B_h - B ||_L2 = 0.260386
Exact Solution Norms:
  Real part norm: || B_Re ||_L2 = 29.9407
  Imag part norm: || B_Im ||_L2 = 30.209
  Total norm:     || B ||_L2 = 42.5327
Relative L2 Errors:
  Real part: || B_h_Re - B_Re || / ||B_Re|| = 0.00621382
  Imag part: || B_h_Im - B_Im || / ||B_Im|| = 0.00603045
  Total:     || B_h - B || / ||B|| = 0.006122

--- B-FIELD: Full Domain (for comparison) ---
Absolute L2 Errors:
  Real part error: || B_h_Re - B_Re ||_L2 = 57.8137
  Imag part error: || B_h_Im - B_Im ||_L2 = 0.193691
  Total error:     || B_h - B ||_L2 = 57.8141
Exact Solution Norms:
  Real part norm: || B_Re ||_L2 = 43.3772
  Imag part norm: || B_Im ||_L2 = 32.4687
  Total norm:     || B ||_L2 = 54.183
Relative L2 Errors:
  Real part: || B_h_Re - B_Re || / ||B_Re|| = 1.33281
  Imag part: || B_h_Im - B_Im || / ||B_Im|| = 0.00596546
  Total:     || B_h - B || / ||B|| = 1.06701

--- B-FIELD: Error Comparison ---
Selective vs Full Domain Error Ratios:
  Selective/Full Error Ratio: 0.00450385
  Selective/Full Relative Error Ratio: 0.0057375

===============================================================================
All tests passed (3 assertions in 1 test case)

