Device configuration: cpu
Memory configuration: host-std
libCEED backend: /cpu/self/xsmm/blocked
Filters: [currentdipole] [sphere] [Serial]
Randomness seeded to: 416848643

Running current dipole test with 1 MPI ranks

Mesh Characteristics:
Dimension          : 3
Space dimension    : 3
Number of vertices : 14401
Number of edges    : 96903
Number of faces    : 161586  --  161586 Triangle(s)
Number of elements : 79083  --  79083 Tetrahedron(s)
Number of bdr elem : 6840  --  6840 Triangle(s)
Euler Number       : 1
h_min              : 0.158238
h_max              : 0.725363
kappa_min          : 1.00726
kappa_max          : 11.5503


Characteristic length and time scales:
 Lc = 1.000e+00 m, tc = 3.336e+00 ns

Configuring electrical current dipole source terms:
 Dipole 1: 
 	Moment = 1.000e+00 A·m
 	Center = (0.000e+00, 0.000e+00, 0.000e+00)
 	Direction = (1.000e+00, 0.000e+00, 0.000e+00)

Configuring Robin absorbing BC (order 2) at attributes:
 1

Assembling system matrices, number of global unknowns:
 H1 (p = 2): 111304, ND (p = 2): 516978, RT (p = 2): 722007
 Operator assembly level: Partial
 Mesh geometries:
  Tetrahedron: P = 20, Q = 11 (quadrature order = 4)

Assembling multigrid hierarchy:
 Level 0 (p = 2): 516978 unknowns
 Level 0 (auxiliary) (p = 2): 111304 unknowns
GMRES solver converged in 493 iterations (avg. reduction factor: 9.543e-01)

Element marking for error computation:
  Domain bounding box: [-5.99998, 6] x [-5.9995, 5.99985] x [-6, 6]
  Domain size: 12 x 11.9994 x 12
  Max distance from origin (sphere radius): 6
  Inner exclusion fraction: 0.1 -> radius: 0.6
  Outer exclusion fraction: 0.95 -> radius: 5.7
  Elements included in error computation: 66274
  Elements excluded (too close to center): 484
  Elements excluded (too close to boundary): 12325
  Total elements: 79083

=== Integration Rule Info ===
  Polynomial order: 3
  Quadrature order: 5
  Using same integration rules for error and norm computation

=== ParaView files written to: ParaView/CurrentDipoleComparison/ ===
=== Use 'element_inclusion_mask' field to see which elements are included in error computation ===

Testing frequency: 2e+08 

Mesh scaling factor (Lc/L0): 1
Test points scaled by: 1
=== Analytical Field Debug at Key Points ===
Origin (scaled) r=0m: r_nondim=0m:
  PALACE FEM SOLUTION:
    Palace |E|: 2172.06
    Palace Ex: (-18.2284,1985.05)
    Palace Ey: (0.0557781,315.613)
    Palace Ez: (-0.207882,-823.101)
  ANALYTICAL SOLUTION:
    Analytical |E|: 0
    Analytical Ex: (0,0)
    Analytical Ey: (0,0)
    Analytical Ez: (0,0)
+0.02 origin on x-axis (scaled) r=0.02m: r_nondim=0.02m:
  PALACE FEM SOLUTION:
    Palace |E|: 1859.23
    Palace Ex: (-18.0824,1683.64)
    Palace Ey: (0.0449498,259.192)
    Palace Ez: (-0.194048,-744.712)
  ANALYTICAL SOLUTION:
    Analytical |E|: 92443.6
    Analytical Ex: (-18.0795,-92443.6)
    Analytical Ey: (0,-0)
    Analytical Ez: (0,-0)
  COMPARISON:
    |E| ratio (Palace/Analytical): 0.020112
-0.1 from origin on x-axis (scaled) r=0.1m: r_nondim=0.1m:
  PALACE FEM SOLUTION:
    Palace |E|: 550.587
    Palace Ex: (-17.4281,-526.26)
    Palace Ey: (-0.0111191,126.539)
    Palace Ez: (-0.0533017,99.4002)
  ANALYTICAL SOLUTION:
    Analytical |E|: 799.089
    Analytical Ex: (-17.7763,-798.891)
    Analytical Ey: (0,0)
    Analytical Ez: (0,0)
  COMPARISON:
    |E| ratio (Palace/Analytical): 0.689018
{-.2, .3, .4} from origin (scaled) r=0.538516m: r_nondim=0.538516m:
  PALACE FEM SOLUTION:
    Palace |E|: 11.1377
    Palace Ex: (-4.88466,7.53129)
    Palace Ey: (1.34662,3.87671)
    Palace Ez: (1.81086,4.83179)
  ANALYTICAL SOLUTION:
    Analytical |E|: 11.1208
    Analytical Ex: (-4.96767,8.10742)
    Analytical Ey: (1.30416,3.20532)
    Analytical Ez: (1.73888,4.27376)
  COMPARISON:
    |E| ratio (Palace/Analytical): 1.00152
0.2 field on y-axis (scaled) r=0.2m: r_nondim=0.2m:
  PALACE FEM SOLUTION:
    Palace |E|: 248.022
    Palace Ex: (-15.5466,241.549)
    Palace Ey: (0.00145665,51.5881)
    Palace Ez: (0.00822038,-16.3081)
  ANALYTICAL SOLUTION:
    Analytical |E|: 40.9686
    Analytical Ex: (-15.6433,37.8644)
    Analytical Ey: (0,-0)
    Analytical Ez: (0,-0)
  COMPARISON:
    |E| ratio (Palace/Analytical): 6.05396
-0.3 field on z-axis (scaled) r=0.3m: r_nondim=0.3m:
  PALACE FEM SOLUTION:
    Palace |E|: 18.1652
    Palace Ex: (-12.5729,13.0732)
    Palace Ey: (-0.0211016,0.275471)
    Palace Ez: (-0.0146958,0.953135)
  ANALYTICAL SOLUTION:
    Analytical |E|: 18.9069
    Analytical Ex: (-12.8365,13.8814)
    Analytical Ey: (0,-0)
    Analytical Ez: (0,0)
  COMPARISON:
    |E| ratio (Palace/Analytical): 0.96077
0.4 field on x-axis (scaled) r=0.4m: r_nondim=0.4m:
  PALACE FEM SOLUTION:
    Palace |E|: 35.7698
    Palace Ex: (-13.3694,-29.976)
    Palace Ey: (-0.000632251,-14.1987)
    Palace Ez: (0.029028,-0.754485)
  ANALYTICAL SOLUTION:
    Analytical |E|: 22.4802
    Analytical Ex: (-13.491,-17.982)
    Analytical Ey: (-0,0)
    Analytical Ez: (-0,0)
  COMPARISON:
    |E| ratio (Palace/Analytical): 1.59117
+0.45 on y-axis (scaled) r=0.45m: r_nondim=0.45m:
  PALACE FEM SOLUTION:
    Palace |E|: 12.4904
    Palace Ex: (-7.39435,10.0178)
    Palace Ey: (0.0677127,0.0894017)
    Palace Ez: (-0.00353405,0.982797)
  ANALYTICAL SOLUTION:
    Analytical |E|: 12.8519
    Analytical Ex: (-7.46678,10.4603)
    Analytical Ey: (0,-0)
    Analytical Ez: (0,-0)
  COMPARISON:
    |E| ratio (Palace/Analytical): 0.971878
+0.47 on z-axis (scaled) r=0.47m: r_nondim=0.47m:
  PALACE FEM SOLUTION:
    Palace |E|: 13.0085
    Palace Ex: (-6.65593,11.1431)
    Palace Ey: (0.0181745,-0.576153)
    Palace Ez: (0.042392,0.646613)
  ANALYTICAL SOLUTION:
    Analytical |E|: 12.388
    Analytical Ex: (-6.70324,10.4177)
    Analytical Ey: (0,-0)
    Analytical Ez: (0,-0)
  COMPARISON:
    |E| ratio (Palace/Analytical): 1.0501
+0.495 from origin on x-axis (scaled) r=0.495m: r_nondim=0.495m:
  PALACE FEM SOLUTION:
    Palace |E|: 14.2221
    Palace Ex: (-11.3882,-8.47149)
    Palace Ey: (-0.188767,-0.878076)
    Palace Ez: (0.059695,-0.0188443)
  ANALYTICAL SOLUTION:
    Analytical |E|: 13.9952
    Analytical Ex: (-11.4099,-8.10434)
    Analytical Ey: (0,-0)
    Analytical Ez: (0,-0)
  COMPARISON:
    |E| ratio (Palace/Analytical): 1.01621
-0.5 from origin on z-axis (scaled) r=0.5m: r_nondim=0.5m:
  PALACE FEM SOLUTION:
    Palace |E|: 11.9747
    Palace Ex: (-5.47636,10.644)
    Palace Ey: (-0.0175702,-0.264132)
    Palace Ez: (0.0191897,0.19249)
  ANALYTICAL SOLUTION:
    Analytical |E|: 11.7553
    Analytical Ex: (-5.55681,10.359)
    Analytical Ey: (0,-0)
    Analytical Ez: (0,0)
  COMPARISON:
    |E| ratio (Palace/Analytical): 1.01866
============================================


=== L2 ERROR ANALYSIS ===Polynomial order 2


--- E-FIELD: Selective Elements (0.2-0.8 domain) ---
Absolute L2 Errors:
  Real part error: || E_h_Re - E_Re ||_L2 = 2.20367
  Imag part error: || E_h_Im - E_Im ||_L2 = 2.3176
  Total error:     || E_h - E ||_L2 = 3.19803
Exact Solution Norms:
  Real part norm: || E_Re ||_L2 = 30.2363
  Imag part norm: || E_Im ||_L2 = 30.1291
  Total norm:     || E ||_L2 = 42.6849
Relative L2 Errors:
  Real part: || E_h_Re - E_Re || / ||E_Re|| = 0.0728816
  Imag part: || E_h_Im - E_Im || / ||E_Im|| = 0.0769221
  Total:     || E_h - E || / ||E|| = 0.0749219

--- E-FIELD: Full Domain (for comparison) ---
Absolute L2 Errors:
  Real part error: || E_h_Re - E_Re ||_L2 = 2.3456
  Imag part error: || E_h_Im - E_Im ||_L2 = 160.731
  Total error:     || E_h - E ||_L2 = 160.748
Exact Solution Norms:
  Real part norm: || E_Re ||_L2 = 32.395
  Imag part norm: || E_Im ||_L2 = 143.85
  Total norm:     || E ||_L2 = 147.453
Relative L2 Errors:
  Real part: || E_h_Re - E_Re || / ||E_Re|| = 0.0724064
  Imag part: || E_h_Im - E_Im || / ||E_Im|| = 1.11735
  Total:     || E_h - E || / ||E|| = 1.09017

--- E-FIELD: Error Comparison ---
Selective vs Full Domain Error Ratios:
  Selective/Full Error Ratio: 0.0198947
  Selective/Full Relative Error Ratio: 0.0687252

--- B-FIELD: Selective Elements (0.2-0.8 domain) ---
Absolute L2 Errors:
  Real part error: || B_h_Re - B_Re ||_L2 = 2.67333
  Imag part error: || B_h_Im - B_Im ||_L2 = 2.69391
  Total error:     || B_h - B ||_L2 = 3.79524
Exact Solution Norms:
  Real part norm: || B_Re ||_L2 = 29.9909
  Imag part norm: || B_Im ||_L2 = 30.282
  Total norm:     || B ||_L2 = 42.6199
Relative L2 Errors:
  Real part: || B_h_Re - B_Re || / ||B_Re|| = 0.0891381
  Imag part: || B_h_Im - B_Im || / ||B_Im|| = 0.0889606
  Total:     || B_h - B || / ||B|| = 0.0890485

--- B-FIELD: Full Domain (for comparison) ---
Absolute L2 Errors:
  Real part error: || B_h_Re - B_Re ||_L2 = 18.539
  Imag part error: || B_h_Im - B_Im ||_L2 = 2.84796
  Total error:     || B_h - B ||_L2 = 18.7565
Exact Solution Norms:
  Real part norm: || B_Re ||_L2 = 40.499
  Imag part norm: || B_Im ||_L2 = 32.4686
  Total norm:     || B ||_L2 = 51.9074
Relative L2 Errors:
  Real part: || B_h_Re - B_Re || / ||B_Re|| = 0.457764
  Imag part: || B_h_Im - B_Im || / ||B_Im|| = 0.0877142
  Total:     || B_h - B || / ||B|| = 0.361344

--- B-FIELD: Error Comparison ---
Selective vs Full Domain Error Ratios:
  Selective/Full Error Ratio: 0.202343
  Selective/Full Relative Error Ratio: 0.246437

===============================================================================
All tests passed (3 assertions in 1 test case)

